<?xml version="1.0" encoding="UTF-8"?>
<testsuite name="com.kubernetes.SpringBootKubernetesApplication.SpringBootKubernetesApplicationTests" tests="1" skipped="0" failures="0" errors="0" timestamp="2023-02-02T20:48:45" hostname="MBP-C02F5ASXMD6M" time="0.375">
  <properties/>
  <testcase name="contextLoads()" classname="com.kubernetes.SpringBootKubernetesApplication.SpringBootKubernetesApplicationTests" time="0.375"/>
  <system-out><![CDATA[02:18:44.369 [Test worker] DEBUG org.springframework.boot.test.context.SpringBootTestContextBootstrapper - Neither @ContextConfiguration nor @ContextHierarchy found for test class [SpringBootKubernetesApplicationTests]: using SpringBootContextLoader
02:18:44.374 [Test worker] DEBUG org.springframework.test.context.support.AbstractContextLoader - Could not detect default resource locations for test class [com.kubernetes.SpringBootKubernetesApplication.SpringBootKubernetesApplicationTests]: no resource found for suffixes {-context.xml, Context.groovy}.
02:18:44.374 [Test worker] INFO org.springframework.test.context.support.AnnotationConfigContextLoaderUtils - Could not detect default configuration classes for test class [com.kubernetes.SpringBootKubernetesApplication.SpringBootKubernetesApplicationTests]: SpringBootKubernetesApplicationTests does not declare any static, non-private, non-final, nested classes annotated with @Configuration.
02:18:44.400 [Test worker] DEBUG org.springframework.boot.test.context.SpringBootTestContextBootstrapper - Using ContextCustomizers for test class [SpringBootKubernetesApplicationTests]: [DisableObservabilityContextCustomizer, PropertyMappingContextCustomizer, Customizer, ExcludeFilterContextCustomizer, DuplicateJsonObjectContextCustomizer, MockitoContextCustomizer, TestRestTemplateContextCustomizer]
02:18:44.467 [Test worker] DEBUG org.springframework.context.annotation.ClassPathScanningCandidateComponentProvider - Identified candidate component class: file [/Users/saiashish/Desktop/sai/projects/SpringBootKubernetesApplication/build/classes/java/main/com/kubernetes/SpringBootKubernetesApplication/SpringBootKubernetesApplication.class]
02:18:44.468 [Test worker] INFO org.springframework.boot.test.context.SpringBootTestContextBootstrapper - Found @SpringBootConfiguration com.kubernetes.SpringBootKubernetesApplication.SpringBootKubernetesApplication for test class com.kubernetes.SpringBootKubernetesApplication.SpringBootKubernetesApplicationTests
02:18:44.542 [Test worker] DEBUG org.springframework.test.context.util.TestContextSpringFactoriesUtils - Skipping candidate TestExecutionListener [org.springframework.test.context.transaction.TransactionalTestExecutionListener] due to a missing dependency. Specify custom TestExecutionListener classes or make the default TestExecutionListener classes and their required dependencies available. Offending class: [org/springframework/transaction/interceptor/TransactionAttributeSource]
02:18:44.544 [Test worker] DEBUG org.springframework.test.context.util.TestContextSpringFactoriesUtils - Skipping candidate TestExecutionListener [org.springframework.test.context.jdbc.SqlScriptsTestExecutionListener] due to a missing dependency. Specify custom TestExecutionListener classes or make the default TestExecutionListener classes and their required dependencies available. Offending class: [org/springframework/transaction/interceptor/TransactionAttribute]
02:18:44.547 [Test worker] DEBUG org.springframework.boot.test.context.SpringBootTestContextBootstrapper - Using TestExecutionListeners for test class [SpringBootKubernetesApplicationTests]: [ServletTestExecutionListener, DirtiesContextBeforeModesTestExecutionListener, ApplicationEventsTestExecutionListener, MockitoTestExecutionListener, DependencyInjectionTestExecutionListener, DirtiesContextTestExecutionListener, EventPublishingTestExecutionListener, RestDocsTestExecutionListener, MockRestServiceServerResetTestExecutionListener, MockMvcPrintOnlyOnFailureTestExecutionListener, WebDriverTestExecutionListener, MockWebServiceServerTestExecutionListener, ResetMocksTestExecutionListener]
02:18:44.550 [Test worker] DEBUG org.springframework.test.context.support.AbstractDirtiesContextTestExecutionListener - Before test class: class [SpringBootKubernetesApplicationTests], class annotated with @DirtiesContext [false] with mode [null]

  .   ____          _            __ _ _
 /\\ / ___'_ __ _ _(_)_ __  __ _ \ \ \ \
( ( )\___ | '_ | '_| | '_ \/ _` | \ \ \ \
 \\/  ___)| |_)| | | | | || (_| |  ) ) ) )
  '  |____| .__|_| |_|_| |_\__, | / / / /
 =========|_|==============|___/=/_/_/_/
 :: Spring Boot ::                (v3.0.2)

2023-02-03T02:18:44.787+05:30  INFO 3133 --- [    Test worker] k.S.SpringBootKubernetesApplicationTests : Starting SpringBootKubernetesApplicationTests using Java 17.0.6 with PID 3133 (started by saiashish in /Users/saiashish/Desktop/sai/projects/SpringBootKubernetesApplication)
2023-02-03T02:18:44.788+05:30  INFO 3133 --- [    Test worker] k.S.SpringBootKubernetesApplicationTests : No active profile set, falling back to 1 default profile: "default"
2023-02-03T02:18:45.740+05:30  INFO 3133 --- [    Test worker] k.S.SpringBootKubernetesApplicationTests : Started SpringBootKubernetesApplicationTests in 1.15 seconds (process running for 2.128)
]]></system-out>
  <system-err><![CDATA[]]></system-err>
</testsuite>
